Starting batch file at Mon 12/01/2025 12:56:35.17 
Navigating to project directory... 
Successfully navigated to C:\X_T2_AutoTron2.1 
Checking for Node.js and npm... 
Node.js and npm are available. 
Terminating existing Node.js processes... 
Terminated Node.js processes. 
Terminating existing Electron processes... 
ERROR: The process "electron.exe" not found.
WARNING: Failed to terminate Electron processes. 
Starting backend... 
Waiting for backend to start... 
Backend not ready after !ATTEMPTS! attempts. Retrying... 
Backend not ready after !ATTEMPTS! attempts. Retrying... 
Backend not ready after !ATTEMPTS! attempts. Retrying... 
Backend not ready after !ATTEMPTS! attempts. Retrying... 
Backend not ready after !ATTEMPTS! attempts. Retrying... 
Backend not ready after !ATTEMPTS! attempts. Retrying... 
Backend not ready after !ATTEMPTS! attempts. Retrying... 
Backend not ready after !ATTEMPTS! attempts. Retrying... 
Backend not ready after !ATTEMPTS! attempts. Retrying... 
Backend not ready after !ATTEMPTS! attempts. Retrying... 
Backend not ready after !ATTEMPTS! attempts. Retrying... 
Backend not ready after !ATTEMPTS! attempts. Retrying... 
Backend not ready after !ATTEMPTS! attempts. Retrying... 
Backend started successfully on port 3000. 
Starting Frontend (Vite)... 
Starting Electron... 
All services started. 
